2025-06-22 19:00:00.805 [main] DEBUG automation.logs - LogTest.logTest(LogTest.java:14) - Debug log
2025-06-22 19:00:00.805 [main] DEBUG automation.logs - LogTest.logTest(LogTest.java:14) - Debug log
2025-06-22 19:00:00.809 [main] INFO  automation.logs - LogTest.logTest(LogTest.java:15) - info log
2025-06-22 19:00:00.809 [main] INFO  automation.logs - LogTest.logTest(LogTest.java:15) - info log
2025-06-22 19:00:00.811 [main] FATAL automation.logs - LogTest.logTest(LogTest.java:16) - fatal log
2025-06-22 19:00:00.811 [main] FATAL automation.logs - LogTest.logTest(LogTest.java:16) - fatal log
2025-06-22 19:00:00.812 [main] ERROR automation.logs - LogTest.logTest(LogTest.java:17) - error log
2025-06-22 19:00:00.812 [main] ERROR automation.logs - LogTest.logTest(LogTest.java:17) - error log
2025-06-22 19:00:50.828 [main] DEBUG automation.logs - LogTest.logTest(LogTest.java:14) - Debug log
2025-06-22 19:00:50.835 [main] INFO  automation.logs - LogTest.logTest(LogTest.java:15) - info log
2025-06-22 19:00:50.836 [main] FATAL automation.logs - LogTest.logTest(LogTest.java:16) - fatal log
2025-06-22 19:00:50.837 [main] ERROR automation.logs - LogTest.logTest(LogTest.java:17) - error log
2025-06-22 19:03:03.438 [main] DEBUG automation.logs - LogTest.logTest(LogTest.java:14) - Debug log
2025-06-22 19:03:03.440 [main] INFO  automation.logs - LogTest.logTest(LogTest.java:15) - info log
2025-06-22 19:03:03.441 [main] FATAL automation.logs - LogTest.logTest(LogTest.java:16) - fatal log
2025-06-22 19:03:03.442 [main] ERROR automation.logs - LogTest.logTest(LogTest.java:17) - error log
2025-06-22 21:15:37.675 [main] INFO  automation.logs - LaunchApp.launchZoodelApp(LaunchApp.java:28) - Application launched successfully
2025-06-22 21:15:37.769 [main] DEBUG automation.logs - LoginNegetive.validatePhoneNumber(LoginNegetive.java:14) - Debug log
2025-06-22 21:15:37.770 [main] INFO  automation.logs - LoginNegetive.validatePhoneNumber(LoginNegetive.java:15) - Info log
2025-06-22 21:15:37.770 [main] WARN  automation.logs - LoginNegetive.validatePhoneNumber(LoginNegetive.java:16) - Warn log
2025-06-22 21:15:37.770 [main] ERROR automation.logs - LoginNegetive.validatePhoneNumber(LoginNegetive.java:17) - error  log
2025-06-22 21:15:37.771 [main] FATAL automation.logs - LoginNegetive.validatePhoneNumber(LoginNegetive.java:18) - fatal log
2025-06-22 21:15:44.901 [main] INFO  automation.logs - BaseClass.closeApp(BaseClass.java:18) - App closed successfully
2025-06-22 21:17:14.190 [main] INFO  automation.logs - LaunchApp.launchZoodelApp(LaunchApp.java:28) - Application launched successfully
2025-06-22 21:17:19.594 [main] INFO  automation.logs - LoginNegetive.validatePhoneNumber(LoginNegetive.java:19) - Navigated to Country screen
2025-06-22 21:17:32.773 [main] INFO  automation.logs - LoginNegetive.validatePhoneNumber(LoginNegetive.java:28) - Language selected and navigated to Educational screen
2025-06-22 21:17:46.695 [main] INFO  automation.logs - BaseClassNonLogin.closeApp(BaseClassNonLogin.java:28) - App closed successfully
2025-06-22 21:21:11.233 [main] INFO  automation.logs - LaunchApp.launchZoodelApp(LaunchApp.java:28) - Application launched successfully
2025-06-22 21:25:58.957 [main] INFO  automation.logs - LaunchApp.launchZoodelApp(LaunchApp.java:28) - Application launched successfully
2025-06-22 21:26:07.029 [main] INFO  automation.logs - Listners.onTestFailure(Listners.java:28) - Screenshot captured successfully C:\Users\ER\IdeaProjects\ZOOD_Tech\.\src\main\Resource\Screenshots\screenshot 22-06-2025 21:26:06.7392.png
2025-06-22 21:26:07.031 [main] ERROR automation.logs - Listners.onTestFailure(Listners.java:30) - Failed to execute validatePhoneNumber Illegal char <:> at index 56: .\src\main\Resource\Screenshots\screenshot 22-06-2025 21:26:05.4814.png
2025-06-22 21:26:07.818 [main] INFO  automation.logs - BaseClassNonLogin.closeApp(BaseClassNonLogin.java:28) - App closed successfully
2025-06-22 21:28:27.321 [main] INFO  automation.logs - LaunchApp.launchZoodelApp(LaunchApp.java:28) - Application launched successfully
2025-06-22 21:28:33.099 [main] INFO  automation.logs - Listners.onTestFailure(Listners.java:28) - Screenshot captured successfully C:\Users\ER\IdeaProjects\ZOOD_Tech\.\src\main\Resource\Screenshots\screenshot 22-06-2025_21-28-32-6497.png
2025-06-22 21:28:33.101 [main] ERROR automation.logs - Listners.onTestFailure(Listners.java:30) - Failed to execute validatePhoneNumber androidx.test.uiautomator.StaleObjectException
For documentation on this error, please visit: https://www.selenium.dev/documentation/webdriver/troubleshooting/errors#stale-element-reference-exception
Build info: version: '4.33.0', revision: '2c6aaad03a'
System info: os.name: 'Windows 11', os.arch: 'amd64', os.version: '10.0', java.version: '24.0.1'
Driver info: io.appium.java_client.android.AndroidDriver
Command: [d4a281b9-6e41-406c-b8d6-e2114d573a16, isElementDisplayed {id=00000000-0000-0154-ffff-ffff00000008}]
Capabilities {appium:appActivity: com.zoodel.kz.activities.Ac..., appium:appPackage: com.zoodel.kz.staging_main, appium:autoGrantPermissions: true, appium:automationName: uiAutomator2, appium:databaseEnabled: false, appium:desired: {appActivity: com.zoodel.kz.activities.Ac..., appPackage: com.zoodel.kz.staging_main, autoGrantPermissions: true, automationName: uiAutomator2, noReset: false, platformName: ANDROID}, appium:deviceApiLevel: 36, appium:deviceManufacturer: Google, appium:deviceModel: sdk_gphone64_x86_64, appium:deviceName: emulator-5554, appium:deviceScreenDensity: 420, appium:deviceScreenSize: 1080x2400, appium:deviceUDID: emulator-5554, appium:javascriptEnabled: true, appium:locationContextEnabled: false, appium:networkConnectionEnabled: true, appium:noReset: false, appium:pixelRatio: 2.625, appium:platformVersion: 16, appium:statBarHeight: 63, appium:takesScreenshot: true, appium:viewportRect: {height: 2337, left: 0, top: 63, width: 1080}, appium:warnings: {}, appium:webStorageEnabled: false, platformName: ANDROID}
Element: [[AndroidDriver:  on ANDROID (d4a281b9-6e41-406c-b8d6-e2114d573a16)] -> xpath: //android.widget.TextView[contains(@text,Uzbekistan)]/..]
Session ID: d4a281b9-6e41-406c-b8d6-e2114d573a16
2025-06-22 21:28:34.070 [main] INFO  automation.logs - BaseClassNonLogin.closeApp(BaseClassNonLogin.java:28) - App closed successfully
2025-06-22 21:32:52.939 [main] INFO  automation.logs - LaunchApp.launchZoodelApp(LaunchApp.java:28) - Application launched successfully
2025-06-22 21:33:00.300 [main] INFO  automation.logs - Listners.onTestFailure(Listners.java:28) - Screenshot captured successfully C:\Users\ER\IdeaProjects\ZOOD_Tech\.\src\main\resources\Screenshots\screenshot 22-06-2025_21-32-59-0540.png
2025-06-22 21:33:00.303 [main] ERROR automation.logs - Listners.onTestFailure(Listners.java:30) - Failed to execute validatePhoneNumber The element 'By.xpath: //android.widget.TextView[contains(@text,Uzbekistan)]/..' does not exist in DOM anymore
For documentation on this error, please visit: https://www.selenium.dev/documentation/webdriver/troubleshooting/errors#stale-element-reference-exception
Build info: version: '4.33.0', revision: '2c6aaad03a'
System info: os.name: 'Windows 11', os.arch: 'amd64', os.version: '10.0', java.version: '24.0.1'
Driver info: io.appium.java_client.android.AndroidDriver
Command: [754a5e19-602b-4dfd-9e6b-0efe98ba362b, isElementDisplayed {id=00000000-0000-015f-ffff-ffff00000008}]
Capabilities {appium:appActivity: com.zoodel.kz.activities.Ac..., appium:appPackage: com.zoodel.kz.staging_main, appium:autoGrantPermissions: true, appium:automationName: uiAutomator2, appium:databaseEnabled: false, appium:desired: {appActivity: com.zoodel.kz.activities.Ac..., appPackage: com.zoodel.kz.staging_main, autoGrantPermissions: true, automationName: uiAutomator2, noReset: false, platformName: ANDROID}, appium:deviceApiLevel: 36, appium:deviceManufacturer: Google, appium:deviceModel: sdk_gphone64_x86_64, appium:deviceName: emulator-5554, appium:deviceScreenDensity: 420, appium:deviceScreenSize: 1080x2400, appium:deviceUDID: emulator-5554, appium:javascriptEnabled: true, appium:locationContextEnabled: false, appium:networkConnectionEnabled: true, appium:noReset: false, appium:pixelRatio: 2.625, appium:platformVersion: 16, appium:statBarHeight: 63, appium:takesScreenshot: true, appium:viewportRect: {height: 2337, left: 0, top: 63, width: 1080}, appium:warnings: {}, appium:webStorageEnabled: false, platformName: ANDROID}
Element: [[AndroidDriver:  on ANDROID (754a5e19-602b-4dfd-9e6b-0efe98ba362b)] -> xpath: //android.widget.TextView[contains(@text,Uzbekistan)]/..]
Session ID: 754a5e19-602b-4dfd-9e6b-0efe98ba362b
2025-06-22 21:33:01.583 [main] INFO  automation.logs - BaseClassNonLogin.closeApp(BaseClassNonLogin.java:28) - App closed successfully
2025-06-22 21:41:28.999 [main] INFO  automation.logs - LaunchApp.launchZoodelApp(LaunchApp.java:28) - Application launched successfully
2025-06-22 21:41:36.080 [main] INFO  automation.logs - Listners.onTestFailure(Listners.java:28) - Screenshot captured successfully C:\Users\ER\IdeaProjects\ZOOD_Tech\.\src\main\resources\Screenshots\screenshot 22-06-2025_21-41-34-2844.png
2025-06-22 21:41:36.083 [main] ERROR automation.logs - Listners.onTestFailure(Listners.java:30) - Failed to execute validatePhoneNumber androidx.test.uiautomator.StaleObjectException
For documentation on this error, please visit: https://www.selenium.dev/documentation/webdriver/troubleshooting/errors#stale-element-reference-exception
Build info: version: '4.33.0', revision: '2c6aaad03a'
System info: os.name: 'Windows 11', os.arch: 'amd64', os.version: '10.0', java.version: '24.0.1'
Driver info: io.appium.java_client.android.AndroidDriver
Command: [ed1b667a-69b4-4dc3-acb4-f87d7acff49f, isElementDisplayed {id=00000000-0000-016a-ffff-ffff00000008}]
Capabilities {appium:appActivity: com.zoodel.kz.activities.Ac..., appium:appPackage: com.zoodel.kz.staging_main, appium:autoGrantPermissions: true, appium:automationName: uiAutomator2, appium:databaseEnabled: false, appium:desired: {appActivity: com.zoodel.kz.activities.Ac..., appPackage: com.zoodel.kz.staging_main, autoGrantPermissions: true, automationName: uiAutomator2, noReset: false, platformName: ANDROID}, appium:deviceApiLevel: 36, appium:deviceManufacturer: Google, appium:deviceModel: sdk_gphone64_x86_64, appium:deviceName: emulator-5554, appium:deviceScreenDensity: 420, appium:deviceScreenSize: 1080x2400, appium:deviceUDID: emulator-5554, appium:javascriptEnabled: true, appium:locationContextEnabled: false, appium:networkConnectionEnabled: true, appium:noReset: false, appium:pixelRatio: 2.625, appium:platformVersion: 16, appium:statBarHeight: 63, appium:takesScreenshot: true, appium:viewportRect: {height: 2337, left: 0, top: 63, width: 1080}, appium:warnings: {}, appium:webStorageEnabled: false, platformName: ANDROID}
Element: [[AndroidDriver:  on ANDROID (ed1b667a-69b4-4dc3-acb4-f87d7acff49f)] -> xpath: //android.widget.TextView[contains(@text,Uzbekistan)]/..]
Session ID: ed1b667a-69b4-4dc3-acb4-f87d7acff49f
2025-06-22 21:41:37.101 [main] INFO  automation.logs - BaseClassNonLogin.closeApp(BaseClassNonLogin.java:28) - App closed successfully
2025-06-22 21:52:15.797 [main] INFO  automation.logs - LaunchApp.launchZoodelApp(LaunchApp.java:28) - Application launched successfully
2025-06-22 21:52:16.043 [main] INFO  automation.logs - LaunchApp.launchZoodelApp(LaunchApp.java:28) - Application launched successfully
2025-06-22 21:52:16.573 [main] INFO  automation.logs - LaunchApp.launchZoodelApp(LaunchApp.java:31) - Failed to launch the App. Reason is Could not start a new session. Response code 500. Message: An unknown server-side error occurred while processing the command. Original error: The instrumentation process cannot be initialized. Make sure the application under test does not crash and investigate the logcat output. 
Host info: host: 'DESKTOP-OH412US', ip: '192.168.1.12'
Build info: version: '4.33.0', revision: '2c6aaad03a'
System info: os.name: 'Windows 11', os.arch: 'amd64', os.version: '10.0', java.version: '24.0.1'
Driver info: io.appium.java_client.android.AndroidDriver
Command: [null, newSession {capabilities=[Capabilities {appium:appActivity: com.zoodel.kz.activities.Ac..., appium:appPackage: com.zoodel.kz.staging_main, appium:autoGrantPermissions: true, appium:automationName: uiAutomator2, appium:noReset: false, appium:platformName: android, platformName: ANDROID}]}]
Capabilities {appium:appActivity: com.zoodel.kz.activities.Ac..., appium:appPackage: com.zoodel.kz.staging_main, appium:autoGrantPermissions: true, appium:automationName: uiAutomator2, appium:noReset: false, appium:platformName: android, platformName: ANDROID}
2025-06-27 10:22:57.801 [main] DEBUG automation.logs - LogTest.logTest(LogTest.java:14) - Debug log
2025-06-27 10:22:57.803 [main] INFO  automation.logs - LogTest.logTest(LogTest.java:15) - info log
2025-06-27 10:22:57.804 [main] FATAL automation.logs - LogTest.logTest(LogTest.java:16) - fatal log
2025-06-27 10:22:57.804 [main] ERROR automation.logs - LogTest.logTest(LogTest.java:17) - error log
2025-06-27 10:29:19.756 [main] DEBUG automation.logs - LogTest.logTest(LogTest.java:14) - Debug log
2025-06-27 10:29:19.758 [main] INFO  automation.logs - LogTest.logTest(LogTest.java:15) - info log
2025-06-27 10:29:19.758 [main] FATAL automation.logs - LogTest.logTest(LogTest.java:16) - fatal log
2025-06-27 10:29:19.758 [main] ERROR automation.logs - LogTest.logTest(LogTest.java:17) - error log
2025-06-27 10:29:29.813 [main] INFO  automation.logs - LaunchApp.launchZoodelApp(LaunchApp.java:31) - Failed to launch the App. Reason is Could not start a new session. Possible causes are invalid address of the remote server or browser start-up failure. 
Host info: host: 'DESKTOP-OH412US', ip: '192.168.1.12'
Build info: version: '4.33.0', revision: '2c6aaad03a'
System info: os.name: 'Windows 11', os.arch: 'amd64', os.version: '10.0', java.version: '21.0.6'
Driver info: io.appium.java_client.android.AndroidDriver
Command: [null, newSession {capabilities=[Capabilities {appium:appActivity: com.zoodel.kz.activities.Ac..., appium:appPackage: com.zoodel.kz.staging_main, appium:autoGrantPermissions: true, appium:automationName: uiAutomator2, appium:noReset: false, appium:platformName: android, platformName: ANDROID}]}]
Capabilities {appium:appActivity: com.zoodel.kz.activities.Ac..., appium:appPackage: com.zoodel.kz.staging_main, appium:autoGrantPermissions: true, appium:automationName: uiAutomator2, appium:noReset: false, appium:platformName: android, platformName: ANDROID}
2025-06-27 10:32:21.291 [main] INFO  automation.logs - LaunchApp.launchZoodelApp(LaunchApp.java:28) - Application launched successfully
2025-06-27 10:32:24.489 [main] INFO  automation.logs - LoginNegetive.validatePhoneNumber(LoginNegetive.java:19) - Navigated to Country screen
2025-06-27 10:32:41.252 [main] INFO  automation.logs - LoginNegetive.validatePhoneNumber(LoginNegetive.java:28) - Language selected and navigated to Educational screen
2025-06-27 10:32:49.820 [main] INFO  automation.logs - Listners.onTestFailure(Listners.java:57) - Screenshot captured successfully C:\Users\ER\IdeaProjects\Zood_Tech\.\src\main\resources\Screenshots\screenshot 27-06-2025_10-32-49-4199.png
2025-06-27 10:32:49.822 [main] ERROR automation.logs - Listners.onTestFailure(Listners.java:62) - Failed to execute validatePhoneNumber java.lang.AssertionError: The following asserts failed:
	expected [false] but found [true],
	expected [false] but found [true],
	expected [false] but found [true]
	at org.testng.asserts.SoftAssert.assertAll(SoftAssert.java:46)
	at org.testng.asserts.SoftAssert.assertAll(SoftAssert.java:30)
	at Login.LoginNegetive.validatePhoneNumber(LoginNegetive.java:40)
	at java.base/jdk.internal.reflect.DirectMethodHandleAccessor.invoke(DirectMethodHandleAccessor.java:103)
	at java.base/java.lang.reflect.Method.invoke(Method.java:580)
	at org.testng.internal.invokers.MethodInvocationHelper.invokeMethod(MethodInvocationHelper.java:141)
	at org.testng.internal.invokers.TestInvoker.invokeMethod(TestInvoker.java:687)
	at org.testng.internal.invokers.TestInvoker.invokeTestMethod(TestInvoker.java:230)
	at org.testng.internal.invokers.MethodRunner.runInSequence(MethodRunner.java:63)
	at org.testng.internal.invokers.TestInvoker$MethodInvocationAgent.invoke(TestInvoker.java:995)
	at org.testng.internal.invokers.TestInvoker.invokeTestMethods(TestInvoker.java:203)
	at org.testng.internal.invokers.TestMethodWorker.invokeTestMethods(TestMethodWorker.java:154)
	at org.testng.internal.invokers.TestMethodWorker.run(TestMethodWorker.java:134)
	at java.base/java.util.ArrayList.forEach(ArrayList.java:1596)
	at org.testng.TestRunner.privateRun(TestRunner.java:741)
	at org.testng.TestRunner.run(TestRunner.java:616)
	at org.testng.SuiteRunner.runTest(SuiteRunner.java:421)
	at org.testng.SuiteRunner.runSequentially(SuiteRunner.java:413)
	at org.testng.SuiteRunner.privateRun(SuiteRunner.java:373)
	at org.testng.SuiteRunner.run(SuiteRunner.java:312)
	at org.testng.SuiteRunnerWorker.runSuite(SuiteRunnerWorker.java:52)
	at org.testng.SuiteRunnerWorker.run(SuiteRunnerWorker.java:95)
	at org.testng.TestNG.runSuitesSequentially(TestNG.java:1274)
	at org.testng.TestNG.runSuitesLocally(TestNG.java:1208)
	at org.testng.TestNG.runSuites(TestNG.java:1112)
	at org.testng.TestNG.run(TestNG.java:1079)
	at com.intellij.rt.testng.IDEARemoteTestNG.run(IDEARemoteTestNG.java:65)
	at com.intellij.rt.testng.RemoteTestNGStarter.main(RemoteTestNGStarter.java:105)

2025-06-27 10:32:50.362 [main] INFO  automation.logs - BaseClassNonLogin.closeApp(BaseClassNonLogin.java:28) - App closed successfully
2025-06-27 10:52:54.589 [main] INFO  automation.logs - LaunchApp.launchZoodelApp(LaunchApp.java:28) - Application launched successfully
2025-06-27 10:52:56.598 [main] INFO  automation.logs - LoginNegetiveTest.validatePhoneNumber(LoginNegetiveTest.java:19) - Navigated to Country screen
2025-06-27 10:53:05.884 [main] INFO  automation.logs - LoginNegetiveTest.validatePhoneNumber(LoginNegetiveTest.java:28) - Language selected and navigated to Educational screen
2025-06-27 10:53:14.431 [main] INFO  automation.logs - Listners.onTestFailure(Listners.java:57) - Screenshot captured successfully C:\Users\ER\IdeaProjects\Zood_Tech\.\src\main\resources\Screenshots\screenshot 27-06-2025_10-53-14-0777.png
2025-06-27 10:53:14.434 [main] ERROR automation.logs - Listners.onTestFailure(Listners.java:62) - Failed to execute validatePhoneNumber java.lang.AssertionError: The following asserts failed:
	expected [false] but found [true],
	expected [false] but found [true],
	expected [false] but found [true]
	at org.testng.asserts.SoftAssert.assertAll(SoftAssert.java:46)
	at org.testng.asserts.SoftAssert.assertAll(SoftAssert.java:30)
	at Login.LoginNegetiveTest.validatePhoneNumber(LoginNegetiveTest.java:40)
	at java.base/jdk.internal.reflect.DirectMethodHandleAccessor.invoke(DirectMethodHandleAccessor.java:103)
	at java.base/java.lang.reflect.Method.invoke(Method.java:580)
	at org.testng.internal.invokers.MethodInvocationHelper.invokeMethod(MethodInvocationHelper.java:141)
	at org.testng.internal.invokers.TestInvoker.invokeMethod(TestInvoker.java:687)
	at org.testng.internal.invokers.TestInvoker.invokeTestMethod(TestInvoker.java:230)
	at org.testng.internal.invokers.MethodRunner.runInSequence(MethodRunner.java:63)
	at org.testng.internal.invokers.TestInvoker$MethodInvocationAgent.invoke(TestInvoker.java:995)
	at org.testng.internal.invokers.TestInvoker.invokeTestMethods(TestInvoker.java:203)
	at org.testng.internal.invokers.TestMethodWorker.invokeTestMethods(TestMethodWorker.java:154)
	at org.testng.internal.invokers.TestMethodWorker.run(TestMethodWorker.java:134)
	at java.base/java.util.ArrayList.forEach(ArrayList.java:1596)
	at org.testng.TestRunner.privateRun(TestRunner.java:741)
	at org.testng.TestRunner.run(TestRunner.java:616)
	at org.testng.SuiteRunner.runTest(SuiteRunner.java:421)
	at org.testng.SuiteRunner.runSequentially(SuiteRunner.java:413)
	at org.testng.SuiteRunner.privateRun(SuiteRunner.java:373)
	at org.testng.SuiteRunner.run(SuiteRunner.java:312)
	at org.testng.SuiteRunnerWorker.runSuite(SuiteRunnerWorker.java:52)
	at org.testng.SuiteRunnerWorker.run(SuiteRunnerWorker.java:95)
	at org.testng.TestNG.runSuitesSequentially(TestNG.java:1274)
	at org.testng.TestNG.runSuitesLocally(TestNG.java:1208)
	at org.testng.TestNG.runSuites(TestNG.java:1112)
	at org.testng.TestNG.run(TestNG.java:1079)
	at com.intellij.rt.testng.IDEARemoteTestNG.run(IDEARemoteTestNG.java:65)
	at com.intellij.rt.testng.RemoteTestNGStarter.main(RemoteTestNGStarter.java:105)

2025-06-27 10:53:15.053 [main] INFO  automation.logs - BaseClassNonLogin.closeApp(BaseClassNonLogin.java:28) - App closed successfully
2025-06-27 10:53:15.393 [main] DEBUG automation.logs - LogTest.logTest(LogTest.java:14) - Debug log
2025-06-27 10:53:15.393 [main] INFO  automation.logs - LogTest.logTest(LogTest.java:15) - info log
2025-06-27 10:53:15.394 [main] FATAL automation.logs - LogTest.logTest(LogTest.java:16) - fatal log
2025-06-27 10:53:15.394 [main] ERROR automation.logs - LogTest.logTest(LogTest.java:17) - error log
2025-06-27 10:58:03.614 [main] INFO  automation.logs - LaunchApp.launchZoodelApp(LaunchApp.java:28) - Application launched successfully
2025-06-27 10:58:05.551 [main] INFO  automation.logs - LoginNegetiveTest.validatePhoneNumber(LoginNegetiveTest.java:19) - Navigated to Country screen
2025-06-27 10:59:16.452 [main] INFO  automation.logs - Listners.onTestFailure(Listners.java:57) - Screenshot captured successfully C:\Users\ER\IdeaProjects\Zood_Tech\.\src\main\resources\Screenshots\screenshot 27-06-2025_10-59-15-9452.png
2025-06-27 10:59:16.453 [main] ERROR automation.logs - Listners.onTestFailure(Listners.java:62) - Failed to execute validatePhoneNumber org.openqa.selenium.TimeoutException: Expected condition failed: waiting for visibility of [[AndroidDriver:  on ANDROID (429786db-a577-4bfa-b892-f9fcb968a812)] -> xpath: //android.widget.TextView[normalize-space(@text)='Select Language']] (tried for 20 second(s) with 500 milliseconds interval)
	at org.openqa.selenium.support.ui.WebDriverWait.timeoutException(WebDriverWait.java:84)
	at org.openqa.selenium.support.ui.FluentWait.until(FluentWait.java:228)
	at Login.LoginNegetiveTest.validatePhoneNumber(LoginNegetiveTest.java:24)
	at java.base/jdk.internal.reflect.DirectMethodHandleAccessor.invoke(DirectMethodHandleAccessor.java:103)
	at java.base/java.lang.reflect.Method.invoke(Method.java:580)
	at org.testng.internal.invokers.MethodInvocationHelper.invokeMethod(MethodInvocationHelper.java:141)
	at org.testng.internal.invokers.TestInvoker.invokeMethod(TestInvoker.java:687)
	at org.testng.internal.invokers.TestInvoker.invokeTestMethod(TestInvoker.java:230)
	at org.testng.internal.invokers.MethodRunner.runInSequence(MethodRunner.java:63)
	at org.testng.internal.invokers.TestInvoker$MethodInvocationAgent.invoke(TestInvoker.java:995)
	at org.testng.internal.invokers.TestInvoker.invokeTestMethods(TestInvoker.java:203)
	at org.testng.internal.invokers.TestMethodWorker.invokeTestMethods(TestMethodWorker.java:154)
	at org.testng.internal.invokers.TestMethodWorker.run(TestMethodWorker.java:134)
	at java.base/java.util.ArrayList.forEach(ArrayList.java:1596)
	at org.testng.TestRunner.privateRun(TestRunner.java:741)
	at org.testng.TestRunner.run(TestRunner.java:616)
	at org.testng.SuiteRunner.runTest(SuiteRunner.java:421)
	at org.testng.SuiteRunner.runSequentially(SuiteRunner.java:413)
	at org.testng.SuiteRunner.privateRun(SuiteRunner.java:373)
	at org.testng.SuiteRunner.run(SuiteRunner.java:312)
	at org.testng.SuiteRunnerWorker.runSuite(SuiteRunnerWorker.java:52)
	at org.testng.SuiteRunnerWorker.run(SuiteRunnerWorker.java:95)
	at org.testng.TestNG.runSuitesSequentially(TestNG.java:1274)
	at org.testng.TestNG.runSuitesLocally(TestNG.java:1208)
	at org.testng.TestNG.runSuites(TestNG.java:1112)
	at org.testng.TestNG.run(TestNG.java:1079)
	at org.apache.maven.surefire.testng.TestNGExecutor.run(TestNGExecutor.java:308)
	at org.apache.maven.surefire.testng.TestNGXmlTestSuite.execute(TestNGXmlTestSuite.java:71)
	at org.apache.maven.surefire.testng.TestNGProvider.invoke(TestNGProvider.java:113)
	at org.apache.maven.surefire.booter.ForkedBooter.runSuitesInProcess(ForkedBooter.java:385)
	at org.apache.maven.surefire.booter.ForkedBooter.execute(ForkedBooter.java:162)
	at org.apache.maven.surefire.booter.ForkedBooter.run(ForkedBooter.java:507)
	at org.apache.maven.surefire.booter.ForkedBooter.main(ForkedBooter.java:495)
Caused by: org.openqa.selenium.NoSuchElementException: Cannot locate an element using By.all({By.xpath: //android.widget.TextView[@text='Select Language'],By.xpath: //android.widget.TextView[normalize-space(@text)='Select Language']})
For documentation on this error, please visit: https://www.selenium.dev/documentation/webdriver/troubleshooting/errors#no-such-element-exception
Build info: version: '4.33.0', revision: '2c6aaad03a'
System info: os.name: 'Windows 11', os.arch: 'amd64', os.version: '10.0', java.version: '21.0.6'
Driver info: driver.version: RemoteWebDriver
	at org.openqa.selenium.support.pagefactory.ByAll.findElement(ByAll.java:57)
	at org.openqa.selenium.remote.ElementLocation$ElementFinder$1.findElement(ElementLocation.java:139)
	at org.openqa.selenium.remote.ElementLocation.findElement(ElementLocation.java:81)
	at org.openqa.selenium.remote.RemoteWebDriver.findElement(RemoteWebDriver.java:367)
	at org.openqa.selenium.remote.RemoteWebDriver.findElement(RemoteWebDriver.java:361)
	at org.openqa.selenium.support.pagefactory.DefaultElementLocator.findElement(DefaultElementLocator.java:68)
	at org.openqa.selenium.support.pagefactory.internal.LocatingElementHandler.invoke(LocatingElementHandler.java:38)
	at jdk.proxy2/jdk.proxy2.$Proxy29.isDisplayed(Unknown Source)
	at org.openqa.selenium.support.ui.ExpectedConditions.elementIfVisible(ExpectedConditions.java:304)
	at org.openqa.selenium.support.ui.ExpectedConditions$10.apply(ExpectedConditions.java:290)
	at org.openqa.selenium.support.ui.ExpectedConditions$10.apply(ExpectedConditions.java:287)
	at org.openqa.selenium.support.ui.FluentWait.until(FluentWait.java:203)
	... 31 more

2025-06-27 10:59:17.027 [main] INFO  automation.logs - BaseClassNonLogin.closeApp(BaseClassNonLogin.java:28) - App closed successfully
2025-06-27 10:59:17.375 [main] DEBUG automation.logs - LogTest.logTest(LogTest.java:14) - Debug log
2025-06-27 10:59:17.375 [main] INFO  automation.logs - LogTest.logTest(LogTest.java:15) - info log
2025-06-27 10:59:17.375 [main] FATAL automation.logs - LogTest.logTest(LogTest.java:16) - fatal log
2025-06-27 10:59:17.376 [main] ERROR automation.logs - LogTest.logTest(LogTest.java:17) - error log
2025-07-01 21:34:05.540 [main] INFO  automation.logs - LaunchApp.launchZoodelApp(LaunchApp.java:31) - Failed to launch the App. Reason is Could not start a new session. Possible causes are invalid address of the remote server or browser start-up failure. 
Host info: host: 'DESKTOP-OH412US', ip: '192.168.1.12'
Build info: version: '4.33.0', revision: '2c6aaad03a'
System info: os.name: 'Windows 11', os.arch: 'amd64', os.version: '10.0', java.version: '21.0.6'
Driver info: io.appium.java_client.android.AndroidDriver
Command: [null, newSession {capabilities=[Capabilities {appium:appActivity: com.zoodel.kz.activities.Ac..., appium:appPackage: com.zoodel.kz.staging_main, appium:autoGrantPermissions: true, appium:automationName: uiAutomator2, appium:noReset: false, appium:platformName: android, platformName: ANDROID}]}]
Capabilities {appium:appActivity: com.zoodel.kz.activities.Ac..., appium:appPackage: com.zoodel.kz.staging_main, appium:autoGrantPermissions: true, appium:automationName: uiAutomator2, appium:noReset: false, appium:platformName: android, platformName: ANDROID}
2025-07-01 21:34:05.792 [main] DEBUG automation.logs - LogTest.logTest(LogTest.java:14) - Debug log
2025-07-01 21:34:05.793 [main] INFO  automation.logs - LogTest.logTest(LogTest.java:15) - info log
2025-07-01 21:34:05.793 [main] FATAL automation.logs - LogTest.logTest(LogTest.java:16) - fatal log
2025-07-01 21:34:05.793 [main] ERROR automation.logs - LogTest.logTest(LogTest.java:17) - error log
